<?xml version="1.0" encoding="UTF-8"?>
<!-- Generated by org.testng.reporters.JUnitReportReporter -->
<testsuite skipped="0" hostname="DESKTOP-QTN1F52" name="com.openMRS.TestNGScripts.LoginTest" tests="2" failures="0" timestamp="17 Sep 2020 15:17:32 GMT" time="19.962" errors="0">
  <testcase name="LoginTest" time="19.062" classname="com.openMRS.TestNGScripts.LoginTest"/>
  <testcase name="takeScreenshot" time="0.900" classname="com.openMRS.TestNGScripts.LoginTest"/>
</testsuite> <!-- com.openMRS.TestNGScripts.LoginTest -->
